c:\hospital project copy\hospital_project\hospital_project\x64\debug\vc143.pdb
c:\hospital project copy\hospital_project\hospital_project\x64\debug\vc143.idb
c:\hospital project copy\hospital_project\hospital_project\x64\debug\visit.obj
c:\hospital project copy\hospital_project\hospital_project\x64\debug\researcher.obj
c:\hospital project copy\hospital_project\hospital_project\x64\debug\researchdoc.obj
c:\hospital project copy\hospital_project\hospital_project\x64\debug\researchcenter.obj
c:\hospital project copy\hospital_project\hospital_project\x64\debug\person.obj
c:\hospital project copy\hospital_project\hospital_project\x64\debug\patients.obj
c:\hospital project copy\hospital_project\hospital_project\x64\debug\nurse.obj
c:\hospital project copy\hospital_project\hospital_project\x64\debug\main.obj
c:\hospital project copy\hospital_project\hospital_project\x64\debug\hospital.obj
c:\hospital project copy\hospital_project\hospital_project\x64\debug\employee.obj
c:\hospital project copy\hospital_project\hospital_project\x64\debug\doctor.obj
c:\hospital project copy\hospital_project\hospital_project\x64\debug\department.obj
c:\hospital project copy\hospital_project\hospital_project\x64\debug\date.obj
c:\hospital project copy\hospital_project\hospital_project\x64\debug\article.obj
c:\hospital project copy\hospital_project\hospital_project\x64\debug\hospital_project.ilk
c:\hospital project copy\hospital_project\x64\debug\hospital_project.pdb
c:\hospital project copy\hospital_project\hospital_project\x64\debug\hospital_project.tlog\cl.command.1.tlog
c:\hospital project copy\hospital_project\hospital_project\x64\debug\hospital_project.tlog\cl.items.tlog
c:\hospital project copy\hospital_project\hospital_project\x64\debug\hospital_project.tlog\cl.read.1.tlog
c:\hospital project copy\hospital_project\hospital_project\x64\debug\hospital_project.tlog\cl.write.1.tlog
c:\hospital project copy\hospital_project\hospital_project\x64\debug\hospital_project.tlog\link-cvtres.read.1.tlog
c:\hospital project copy\hospital_project\hospital_project\x64\debug\hospital_project.tlog\link-cvtres.write.1.tlog
c:\hospital project copy\hospital_project\hospital_project\x64\debug\hospital_project.tlog\link-rc.read.1.tlog
c:\hospital project copy\hospital_project\hospital_project\x64\debug\hospital_project.tlog\link-rc.write.1.tlog
c:\hospital project copy\hospital_project\hospital_project\x64\debug\hospital_project.tlog\link.20248-cvtres.read.1.tlog
c:\hospital project copy\hospital_project\hospital_project\x64\debug\hospital_project.tlog\link.20248-cvtres.write.1.tlog
c:\hospital project copy\hospital_project\hospital_project\x64\debug\hospital_project.tlog\link.20248-rc.read.1.tlog
c:\hospital project copy\hospital_project\hospital_project\x64\debug\hospital_project.tlog\link.20248-rc.write.1.tlog
c:\hospital project copy\hospital_project\hospital_project\x64\debug\hospital_project.tlog\link.20248.read.1.tlog
c:\hospital project copy\hospital_project\hospital_project\x64\debug\hospital_project.tlog\link.20248.read.2.tlog
c:\hospital project copy\hospital_project\hospital_project\x64\debug\hospital_project.tlog\link.20248.read.3.tlog
c:\hospital project copy\hospital_project\hospital_project\x64\debug\hospital_project.tlog\link.20248.read.4.tlog
c:\hospital project copy\hospital_project\hospital_project\x64\debug\hospital_project.tlog\link.20248.write.1.tlog
c:\hospital project copy\hospital_project\hospital_project\x64\debug\hospital_project.tlog\link.command.1.tlog
c:\hospital project copy\hospital_project\hospital_project\x64\debug\hospital_project.tlog\link.read.1.tlog
c:\hospital project copy\hospital_project\hospital_project\x64\debug\hospital_project.tlog\link.read.2.tlog
c:\hospital project copy\hospital_project\hospital_project\x64\debug\hospital_project.tlog\link.read.3.tlog
c:\hospital project copy\hospital_project\hospital_project\x64\debug\hospital_project.tlog\link.read.4.tlog
c:\hospital project copy\hospital_project\hospital_project\x64\debug\hospital_project.tlog\link.secondary.1.tlog
c:\hospital project copy\hospital_project\hospital_project\x64\debug\hospital_project.tlog\link.write.1.tlog
